Remove Pin=P1-2 From Net=CANL
Remove Pin=P1-7 From Net=CANH
Remove Pin=U3-8 From Net=PC0
Remove Pin=U3-9 From Net=PC10
Remove Pin=U3-10 From Net=PC2
Remove Pin=U3-11 From Net=PC3
Remove Pin=U3-14 From Net=PA0
Remove Pin=U3-15 From Net=PA1
Remove Pin=U3-16 From Net=PA2
Remove Pin=U3-17 From Net=PA3
Remove Pin=U3-20 From Net=PA4
Remove Pin=U3-21 From Net=PA5
Remove Pin=U3-22 From Net=PA6
Remove Pin=U3-23 From Net=PA7
Remove Pin=U3-24 From Net=PC4
Remove Pin=U3-25 From Net=PC5
Remove Pin=U3-26 From Net=PB0
Remove Pin=U3-27 From Net=PB1
Remove Pin=U3-28 From Net=PB2
Remove Pin=U3-29 From Net=PB10
Remove Pin=U3-30 From Net=PB11
Remove Pin=U3-33 From Net=PB12
Remove Pin=U3-34 From Net=PB13
Remove Pin=U3-35 From Net=PB14
Remove Pin=U3-36 From Net=PB15
Remove Pin=U3-37 From Net=PC6
Remove Pin=U3-38 From Net=PC7
Remove Pin=U3-39 From Net=PC8
Remove Pin=U3-40 From Net=PC9
Remove Pin=U3-41 From Net=PA8
Remove Pin=U3-42 From Net=PA9
Remove Pin=U3-43 From Net=PA10
Remove Pin=U3-44 From Net=PA11
Remove Pin=U3-45 From Net=PA12
Remove Pin=U3-46 From Net=PA13
Remove Pin=U3-49 From Net=PA14
Remove Pin=U3-50 From Net=PA15
Remove Pin=U3-51 From Net=PC10
Remove Pin=U3-52 From Net=PC11
Remove Pin=U3-53 From Net=PC12
Remove Pin=U3-54 From Net=PD2
Remove Pin=U3-55 From Net=PB3
Remove Pin=U3-56 From Net=PB4
Remove Pin=U3-57 From Net=PB5
Remove Pin=U3-58 From Net=PB6
Remove Pin=U3-59 From Net=PB7
Remove Pin=U3-60 From Net=BOOT0
Remove Pin=U3-61 From Net=PB8
Remove Pin=U3-62 From Net=PB9
Remove Pin=U4-1 From Net=PB8
Remove Pin=U4-4 From Net=PB9
Remove Pin=U4-6 From Net=CANL
Remove Pin=U4-7 From Net=CANH
