Removed Pin From Net: NetName=GND Pin=C14-2
Removed Pin From Net: NetName=GND Pin=C15-1
Removed Pin From Net: NetName=V3.3 Pin=L3-1
Removed Member From Class: ClassName=RF_Power Member=C12
Removed Member From Class: ClassName=RF_Power Member=C13
Removed Member From Class: ClassName=RF_STM Member=C14
Removed Member From Class: ClassName=RF_STM Member=C15
Removed Member From Class: ClassName=RF_STM Member=L3
Change Managed Component Library Link : Designator=C11 Old VaultGUID= New VaultGUID=B7D15EC3-160A-466F-A46C-7801FE6295A7 Old ItemGUID= New ItemGUID=B91B1D43-35F9-4052-88B2-A331848DF858 Old RevisionGUID= New RevisionGUID=22403D82-18CF-42CE-9156-DED2BD51B897
Change Managed Component Library Link : Designator=C12 Old VaultGUID= New VaultGUID=B7D15EC3-160A-466F-A46C-7801FE6295A7 Old ItemGUID= New ItemGUID=E2B66E5D-65C5-4930-B918-60A8808FC437 Old RevisionGUID= New RevisionGUID=9987FF47-9E36-448F-9AD0-A0C610D8207E
Change Managed Component Library Link : Designator=C13 Old VaultGUID= New VaultGUID=B7D15EC3-160A-466F-A46C-7801FE6295A7 Old ItemGUID= New ItemGUID=A6B8830B-D56C-4124-B21E-540352E97766 Old RevisionGUID= New RevisionGUID=D0DA5941-DCCF-492D-B47A-7BC33B5AE52B
Change Managed Component Library Link : Designator=C16 Old VaultGUID= New VaultGUID=B7D15EC3-160A-466F-A46C-7801FE6295A7 Old ItemGUID= New ItemGUID=4EC80402-19DC-49B6-9DC4-59F8D5F16604 Old RevisionGUID= New RevisionGUID=9B946FAA-D9B7-46A7-9138-E872FEA0430A
Change Managed Component Library Link : Designator=C17 Old VaultGUID= New VaultGUID=B7D15EC3-160A-466F-A46C-7801FE6295A7 Old ItemGUID= New ItemGUID=5C03412E-A9C1-4374-A3D5-266AF6935C5A Old RevisionGUID= New RevisionGUID=C29B247F-F76E-442C-965E-C53BB60FF759
Change Managed Component Library Link : Designator=C18 Old VaultGUID= New VaultGUID=B7D15EC3-160A-466F-A46C-7801FE6295A7 Old ItemGUID= New ItemGUID=96E1FC29-823C-4DFE-A5F9-AD0FB27C16C2 Old RevisionGUID= New RevisionGUID=C19B202A-7DFF-46B1-8DDA-63ADBC38536D
Change Managed Component Library Link : Designator=C19 Old VaultGUID= New VaultGUID=B7D15EC3-160A-466F-A46C-7801FE6295A7 Old ItemGUID= New ItemGUID=96E1FC29-823C-4DFE-A5F9-AD0FB27C16C2 Old RevisionGUID= New RevisionGUID=C19B202A-7DFF-46B1-8DDA-63ADBC38536D
Change Managed Component Library Link : Designator=C20 Old VaultGUID= New VaultGUID=B7D15EC3-160A-466F-A46C-7801FE6295A7 Old ItemGUID= New ItemGUID=96E1FC29-823C-4DFE-A5F9-AD0FB27C16C2 Old RevisionGUID= New RevisionGUID=C19B202A-7DFF-46B1-8DDA-63ADBC38536D
Change Managed Component Library Link : Designator=C21 Old VaultGUID= New VaultGUID=B7D15EC3-160A-466F-A46C-7801FE6295A7 Old ItemGUID= New ItemGUID=96E1FC29-823C-4DFE-A5F9-AD0FB27C16C2 Old RevisionGUID= New RevisionGUID=C19B202A-7DFF-46B1-8DDA-63ADBC38536D
Change Managed Component Library Link : Designator=C22 Old VaultGUID= New VaultGUID=B7D15EC3-160A-466F-A46C-7801FE6295A7 Old ItemGUID= New ItemGUID=B305CA68-C621-49FF-A2FC-02EFE2056E24 Old RevisionGUID= New RevisionGUID=E938DF69-4BA9-47FE-AD35-FE79382013AB
Change Managed Component Library Link : Designator=C23 Old VaultGUID= New VaultGUID=B7D15EC3-160A-466F-A46C-7801FE6295A7 Old ItemGUID= New ItemGUID=B305CA68-C621-49FF-A2FC-02EFE2056E24 Old RevisionGUID= New RevisionGUID=E938DF69-4BA9-47FE-AD35-FE79382013AB
Change Managed Component Library Link : Designator=C27 Old VaultGUID= New VaultGUID=B7D15EC3-160A-466F-A46C-7801FE6295A7 Old ItemGUID= New ItemGUID=9334A145-779B-4A97-B8CB-03344B1499D3 Old RevisionGUID= New RevisionGUID=D182772A-0AE0-49B7-9A49-12F8255837DE
Change Managed Component Library Link : Designator=C28 Old VaultGUID= New VaultGUID=B7D15EC3-160A-466F-A46C-7801FE6295A7 Old ItemGUID= New ItemGUID=E2B66E5D-65C5-4930-B918-60A8808FC437 Old RevisionGUID= New RevisionGUID=9987FF47-9E36-448F-9AD0-A0C610D8207E
Change Managed Component Library Link : Designator=C29 Old VaultGUID= New VaultGUID=B7D15EC3-160A-466F-A46C-7801FE6295A7 Old ItemGUID= New ItemGUID=96E1FC29-823C-4DFE-A5F9-AD0FB27C16C2 Old RevisionGUID= New RevisionGUID=C19B202A-7DFF-46B1-8DDA-63ADBC38536D
Change Managed Component Library Link : Designator=C30 Old VaultGUID= New VaultGUID=B7D15EC3-160A-466F-A46C-7801FE6295A7 Old ItemGUID= New ItemGUID=96E1FC29-823C-4DFE-A5F9-AD0FB27C16C2 Old RevisionGUID= New RevisionGUID=C19B202A-7DFF-46B1-8DDA-63ADBC38536D
Change Managed Component Library Link : Designator=D1 Old VaultGUID= New VaultGUID=B7D15EC3-160A-466F-A46C-7801FE6295A7 Old ItemGUID= New ItemGUID=E85E182E-0C55-444C-8F8D-F677A0E0FDAE Old RevisionGUID= New RevisionGUID=9B3F5CBB-57A1-470E-829D-70B9A790AAD7
Change Managed Component Library Link : Designator=DS1 Old VaultGUID= New VaultGUID=B7D15EC3-160A-466F-A46C-7801FE6295A7 Old ItemGUID= New ItemGUID=9E5CCD32-28A1-4DD0-B892-6521D8AD05E5 Old RevisionGUID= New RevisionGUID=5E20272E-C171-4D95-85E0-25D8CB052447
Change Managed Component Library Link : Designator=DS2 Old VaultGUID= New VaultGUID=B7D15EC3-160A-466F-A46C-7801FE6295A7 Old ItemGUID= New ItemGUID=9E5CCD32-28A1-4DD0-B892-6521D8AD05E5 Old RevisionGUID= New RevisionGUID=5E20272E-C171-4D95-85E0-25D8CB052447
Change Managed Component Library Link : Designator=DS3 Old VaultGUID= New VaultGUID=B7D15EC3-160A-466F-A46C-7801FE6295A7 Old ItemGUID= New ItemGUID=9E5CCD32-28A1-4DD0-B892-6521D8AD05E5 Old RevisionGUID= New RevisionGUID=5E20272E-C171-4D95-85E0-25D8CB052447
Change Managed Component Library Link : Designator=DS4 Old VaultGUID= New VaultGUID=B7D15EC3-160A-466F-A46C-7801FE6295A7 Old ItemGUID= New ItemGUID=9E5CCD32-28A1-4DD0-B892-6521D8AD05E5 Old RevisionGUID= New RevisionGUID=5E20272E-C171-4D95-85E0-25D8CB052447
Change Managed Component Library Link : Designator=L1 Old VaultGUID= New VaultGUID=B7D15EC3-160A-466F-A46C-7801FE6295A7 Old ItemGUID= New ItemGUID=A69987C8-00A8-4E90-B58C-BF318024DBAA Old RevisionGUID= New RevisionGUID=4539A330-A05C-46B7-97B9-99ABAD1EB706
Change Managed Component Library Link : Designator=L2 Old VaultGUID= New VaultGUID=B7D15EC3-160A-466F-A46C-7801FE6295A7 Old ItemGUID= New ItemGUID=65B42C37-EFD6-4218-B1FE-25EFAE8C4B29 Old RevisionGUID= New RevisionGUID=FFD71964-B56F-4531-B685-5279D53AC062
Change Managed Component Library Link : Designator=P1 Old VaultGUID= New VaultGUID=B7D15EC3-160A-466F-A46C-7801FE6295A7 Old ItemGUID= New ItemGUID=6BC0DE3E-AF58-40E9-BA7B-B8F8243686C3 Old RevisionGUID= New RevisionGUID=FA6278BB-3E8A-44F6-B4CA-C0F89070AC50
Change Managed Component Library Link : Designator=P2 Old VaultGUID= New VaultGUID=B7D15EC3-160A-466F-A46C-7801FE6295A7 Old ItemGUID= New ItemGUID=5AA0BCED-9053-4139-BF94-9EF2C7A23C74 Old RevisionGUID= New RevisionGUID=0F7D4899-3E3A-456A-A4AE-274CA6A05DAF
Change Managed Component Library Link : Designator=P3 Old VaultGUID= New VaultGUID=B7D15EC3-160A-466F-A46C-7801FE6295A7 Old ItemGUID= New ItemGUID=69B4D28D-5BE8-4CEE-95AF-4A3713A5536F Old RevisionGUID= New RevisionGUID=F628B617-B12E-4455-8EFD-5C3B2FDE544C
Change Managed Component Library Link : Designator=P4 Old VaultGUID= New VaultGUID=B7D15EC3-160A-466F-A46C-7801FE6295A7 Old ItemGUID= New ItemGUID=A3DCCE29-A6D8-4CA1-B156-9699F9DD87B7 Old RevisionGUID= New RevisionGUID=481DBA7F-7BC9-4896-ADBE-57642117DABB
Change Managed Component Library Link : Designator=P5 Old VaultGUID= New VaultGUID=B7D15EC3-160A-466F-A46C-7801FE6295A7 Old ItemGUID= New ItemGUID=A3DCCE29-A6D8-4CA1-B156-9699F9DD87B7 Old RevisionGUID= New RevisionGUID=481DBA7F-7BC9-4896-ADBE-57642117DABB
Change Managed Component Library Link : Designator=P6 Old VaultGUID= New VaultGUID=B7D15EC3-160A-466F-A46C-7801FE6295A7 Old ItemGUID= New ItemGUID=A3DCCE29-A6D8-4CA1-B156-9699F9DD87B7 Old RevisionGUID= New RevisionGUID=481DBA7F-7BC9-4896-ADBE-57642117DABB
Change Managed Component Library Link : Designator=P7 Old VaultGUID= New VaultGUID=B7D15EC3-160A-466F-A46C-7801FE6295A7 Old ItemGUID= New ItemGUID=2C5AC5ED-F6A7-4C52-A983-3034421DFA86 Old RevisionGUID= New RevisionGUID=930E0C3C-AD8D-4230-996D-747A8E79A43D
Change Managed Component Library Link : Designator=P8 Old VaultGUID= New VaultGUID=B7D15EC3-160A-466F-A46C-7801FE6295A7 Old ItemGUID= New ItemGUID=2F076716-DAEF-411A-A057-AF8B4C2B9C6A Old RevisionGUID= New RevisionGUID=4D9C7B4F-4789-45EB-B6CF-075844E4CE2A
Change Managed Component Library Link : Designator=P9 Old VaultGUID= New VaultGUID=B7D15EC3-160A-466F-A46C-7801FE6295A7 Old ItemGUID= New ItemGUID=B0312070-8651-4E74-9F12-6F583E214DE4 Old RevisionGUID= New RevisionGUID=0527CFF0-824D-43D0-9CE3-A1088B48B70F
Change Managed Component Library Link : Designator=Q1 Old VaultGUID= New VaultGUID=B7D15EC3-160A-466F-A46C-7801FE6295A7 Old ItemGUID= New ItemGUID=331F163D-8900-4C8A-85F9-48BB240A4AD7 Old RevisionGUID= New RevisionGUID=CAD335B5-F9FA-4BD1-8546-DB04CB133868
Change Managed Component Library Link : Designator=Q2 Old VaultGUID= New VaultGUID=B7D15EC3-160A-466F-A46C-7801FE6295A7 Old ItemGUID= New ItemGUID=331F163D-8900-4C8A-85F9-48BB240A4AD7 Old RevisionGUID= New RevisionGUID=CAD335B5-F9FA-4BD1-8546-DB04CB133868
Change Managed Component Library Link : Designator=R1 Old VaultGUID= New VaultGUID=B7D15EC3-160A-466F-A46C-7801FE6295A7 Old ItemGUID= New ItemGUID=858BFD3D-A1DA-49DA-86B0-D78B16B4B16A Old RevisionGUID= New RevisionGUID=B2E21816-651D-48CE-9A30-187345736E92
Change Managed Component Library Link : Designator=R2 Old VaultGUID= New VaultGUID=B7D15EC3-160A-466F-A46C-7801FE6295A7 Old ItemGUID= New ItemGUID=858BFD3D-A1DA-49DA-86B0-D78B16B4B16A Old RevisionGUID= New RevisionGUID=B2E21816-651D-48CE-9A30-187345736E92
Change Managed Component Library Link : Designator=R3 Old VaultGUID= New VaultGUID=B7D15EC3-160A-466F-A46C-7801FE6295A7 Old ItemGUID= New ItemGUID=1F2FFA72-21A5-4A81-A7D5-9CC67D5F9DEA Old RevisionGUID= New RevisionGUID=7E3EFC25-E2E4-4E5E-B663-B803676B8E73
Change Managed Component Library Link : Designator=R4 Old VaultGUID= New VaultGUID=B7D15EC3-160A-466F-A46C-7801FE6295A7 Old ItemGUID= New ItemGUID=51846D92-C0CB-4951-BA04-A3CD714416C2 Old RevisionGUID= New RevisionGUID=EAA274F9-6389-421B-AF61-9A5FE0597DC7
Change Managed Component Library Link : Designator=R5 Old VaultGUID= New VaultGUID=B7D15EC3-160A-466F-A46C-7801FE6295A7 Old ItemGUID= New ItemGUID=36D694EF-4DA0-4A3F-90C6-F1DB4FF78A0D Old RevisionGUID= New RevisionGUID=0CE819D6-0B7C-4361-B742-EE40DEA8A2B9
Change Managed Component Library Link : Designator=R6 Old VaultGUID= New VaultGUID=B7D15EC3-160A-466F-A46C-7801FE6295A7 Old ItemGUID= New ItemGUID=8F5C20AA-ACA5-4373-A77D-09ED531058EB Old RevisionGUID= New RevisionGUID=C74CF4C8-AB31-4DCC-A171-3F27F2C70E88
Change Managed Component Library Link : Designator=R7 Old VaultGUID= New VaultGUID=B7D15EC3-160A-466F-A46C-7801FE6295A7 Old ItemGUID= New ItemGUID=8F5C20AA-ACA5-4373-A77D-09ED531058EB Old RevisionGUID= New RevisionGUID=C74CF4C8-AB31-4DCC-A171-3F27F2C70E88
Change Managed Component Library Link : Designator=R8 Old VaultGUID= New VaultGUID=B7D15EC3-160A-466F-A46C-7801FE6295A7 Old ItemGUID= New ItemGUID=1DB640A7-01FA-40C0-9C6B-F8AB2FC9493E Old RevisionGUID= New RevisionGUID=CD1C2C1B-133A-4F07-A6D2-1D76A18A9CF7
Change Managed Component Library Link : Designator=R9 Old VaultGUID= New VaultGUID=B7D15EC3-160A-466F-A46C-7801FE6295A7 Old ItemGUID= New ItemGUID=1DB640A7-01FA-40C0-9C6B-F8AB2FC9493E Old RevisionGUID= New RevisionGUID=CD1C2C1B-133A-4F07-A6D2-1D76A18A9CF7
Change Managed Component Library Link : Designator=R10 Old VaultGUID= New VaultGUID=B7D15EC3-160A-466F-A46C-7801FE6295A7 Old ItemGUID= New ItemGUID=1DB640A7-01FA-40C0-9C6B-F8AB2FC9493E Old RevisionGUID= New RevisionGUID=CD1C2C1B-133A-4F07-A6D2-1D76A18A9CF7
Change Managed Component Library Link : Designator=R11 Old VaultGUID= New VaultGUID=B7D15EC3-160A-466F-A46C-7801FE6295A7 Old ItemGUID= New ItemGUID=1DB640A7-01FA-40C0-9C6B-F8AB2FC9493E Old RevisionGUID= New RevisionGUID=CD1C2C1B-133A-4F07-A6D2-1D76A18A9CF7
Change Managed Component Library Link : Designator=R12 Old VaultGUID= New VaultGUID=B7D15EC3-160A-466F-A46C-7801FE6295A7 Old ItemGUID= New ItemGUID=36D694EF-4DA0-4A3F-90C6-F1DB4FF78A0D Old RevisionGUID= New RevisionGUID=0CE819D6-0B7C-4361-B742-EE40DEA8A2B9
Change Managed Component Library Link : Designator=R13 Old VaultGUID= New VaultGUID=B7D15EC3-160A-466F-A46C-7801FE6295A7 Old ItemGUID= New ItemGUID=36D694EF-4DA0-4A3F-90C6-F1DB4FF78A0D Old RevisionGUID= New RevisionGUID=0CE819D6-0B7C-4361-B742-EE40DEA8A2B9
Change Managed Component Library Link : Designator=R14 Old VaultGUID= New VaultGUID=B7D15EC3-160A-466F-A46C-7801FE6295A7 Old ItemGUID= New ItemGUID=36D694EF-4DA0-4A3F-90C6-F1DB4FF78A0D Old RevisionGUID= New RevisionGUID=0CE819D6-0B7C-4361-B742-EE40DEA8A2B9
Change Managed Component Library Link : Designator=R15 Old VaultGUID= New VaultGUID=B7D15EC3-160A-466F-A46C-7801FE6295A7 Old ItemGUID= New ItemGUID=36D694EF-4DA0-4A3F-90C6-F1DB4FF78A0D Old RevisionGUID= New RevisionGUID=0CE819D6-0B7C-4361-B742-EE40DEA8A2B9
Change Managed Component Library Link : Designator=SW1 Old VaultGUID= New VaultGUID=B7D15EC3-160A-466F-A46C-7801FE6295A7 Old ItemGUID= New ItemGUID=7D918995-645B-4FDC-8095-80E6DB4A866E Old RevisionGUID= New RevisionGUID=0BD872DD-8011-4D37-98E5-BB015B9A5682
Change Managed Component Library Link : Designator=U2 Old VaultGUID= New VaultGUID=B7D15EC3-160A-466F-A46C-7801FE6295A7 Old ItemGUID= New ItemGUID=CB4BA928-3938-4348-96BD-23988D8F1C59 Old RevisionGUID= New RevisionGUID=42C02C8F-6968-4486-9F44-3040CEAA9845
Change Managed Component Library Link : Designator=U3 Old VaultGUID= New VaultGUID=B7D15EC3-160A-466F-A46C-7801FE6295A7 Old ItemGUID= New ItemGUID=F8D7B936-35D1-48B2-83AA-9D8767584751 Old RevisionGUID= New RevisionGUID=1ED2B58B-F3B4-45F1-AAD7-7C2B093A9921
Change Managed Component Library Link : Designator=U4 Old VaultGUID= New VaultGUID=B7D15EC3-160A-466F-A46C-7801FE6295A7 Old ItemGUID= New ItemGUID=4AD9132A-28FC-4425-960C-174F582DD978 Old RevisionGUID= New RevisionGUID=9F3C2900-0B28-4010-BA3E-023298B05915
Change Managed Component Library Link : Designator=X1 Old VaultGUID= New VaultGUID=B7D15EC3-160A-466F-A46C-7801FE6295A7 Old ItemGUID= New ItemGUID=936AD0ED-70C4-44BB-9983-B604F0B814E4 Old RevisionGUID= New RevisionGUID=1ECA8B6A-53C9-416F-B327-40F2D3E965B2
Change Managed Component Library Link : Designator=X2 Old VaultGUID= New VaultGUID=B7D15EC3-160A-466F-A46C-7801FE6295A7 Old ItemGUID= New ItemGUID=18476443-D634-4AEA-B4DA-BD38234F0141 Old RevisionGUID= New RevisionGUID=72D6E230-243F-42AA-A5A0-B20A3637A5E8
Added Pin To Net: NetName=V3.3 Pin=U3-13
