Added Pin To Net: NetName=12V Pin=C1-1
Added Pin To Net: NetName=GND Pin=C1-2
Added Pin To Net: NetName=GND Pin=C2-1
Added Pin To Net: NetName=12V Pin=C2-2
Added Pin To Net: NetName=GND Pin=C3-1
Added Pin To Net: NetName=12V Pin=C3-2
Added Pin To Net: NetName=5V Pin=C4-1
Added Pin To Net: NetName=GND Pin=C4-2
Added Pin To Net: NetName=5V Pin=C5-1
Added Pin To Net: NetName=GND Pin=C5-2
Added Pin To Net: NetName=GND Pin=C6-1
Added Pin To Net: NetName=5V Pin=C6-2
Added Pin To Net: NetName=GND Pin=C7-1
Added Pin To Net: NetName=5V Pin=C7-2
Added Pin To Net: NetName=GND Pin=C8-1
Added Pin To Net: NetName=V3.3 Pin=C8-2
Added Pin To Net: NetName=GND Pin=C9-1
Added Pin To Net: NetName=V3.3 Pin=C9-2
Added Pin To Net: NetName=GND Pin=C10-1
Added Pin To Net: NetName=V3.3 Pin=C10-2
Added Pin To Net: NetName=GND Pin=C11-1
Added Pin To Net: NetName=NetC11_2 Pin=C11-2
Added Pin To Net: NetName=VDDA Pin=C14-1
Added Pin To Net: NetName=GND Pin=C14-2
Added Pin To Net: NetName=GND Pin=C15-1
Added Pin To Net: NetName=VDDA Pin=C15-2
Added Pin To Net: NetName=GND Pin=C16-1
Added Pin To Net: NetName=V3.3 Pin=C16-2
Added Pin To Net: NetName=GND Pin=C17-1
Added Pin To Net: NetName=V3.3 Pin=C17-2
Added Pin To Net: NetName=V3.3 Pin=C18-1
Added Pin To Net: NetName=GND Pin=C18-2
Added Pin To Net: NetName=V3.3 Pin=C19-1
Added Pin To Net: NetName=GND Pin=C19-2
Added Pin To Net: NetName=V3.3 Pin=C20-1
Added Pin To Net: NetName=GND Pin=C20-2
Added Pin To Net: NetName=V3.3 Pin=C21-1
Added Pin To Net: NetName=GND Pin=C21-2
Added Pin To Net: NetName=GND Pin=C22-1
Added Pin To Net: NetName=NetC22_2 Pin=C22-2
Added Pin To Net: NetName=GND Pin=C23-1
Added Pin To Net: NetName=NetC23_2 Pin=C23-2
Added Pin To Net: NetName=GND Pin=C24-1
Added Pin To Net: NetName=NetC24_2 Pin=C24-2
Added Pin To Net: NetName=GND Pin=C25-1
Added Pin To Net: NetName=NetC25_2 Pin=C25-2
Added Pin To Net: NetName=NetC26_1 Pin=C26-1
Added Pin To Net: NetName=NetC26_2 Pin=C26-2
Added Pin To Net: NetName=GND Pin=C27-1
Added Pin To Net: NetName=V3.3 Pin=C27-2
Added Pin To Net: NetName=GND Pin=C28-1
Added Pin To Net: NetName=V3.3 Pin=C28-2
Added Pin To Net: NetName=GND Pin=D1-1
Added Pin To Net: NetName=NetD1_2 Pin=D1-2
Added Pin To Net: NetName=NetDS1_1 Pin=DS1-1
Added Pin To Net: NetName=GND Pin=DS1-2
Added Pin To Net: NetName=NetD1_2 Pin=L1-1
Added Pin To Net: NetName=5V Pin=L1-2
Added Pin To Net: NetName=NetL2_1 Pin=L2-1
Added Pin To Net: NetName=NetL2_2 Pin=L2-2
Added Pin To Net: NetName=V3.3 Pin=L3-1
Added Pin To Net: NetName=VDDA Pin=L3-2
Added Pin To Net: NetName=CANL Pin=P1-2
Added Pin To Net: NetName=GND Pin=P1-6
Added Pin To Net: NetName=CANH Pin=P1-7
Added Pin To Net: NetName=12V Pin=P2-1
Added Pin To Net: NetName=GND Pin=P2-2
Added Pin To Net: NetName=PB7 Pin=P3-1
Added Pin To Net: NetName=PB6 Pin=P3-2
Added Pin To Net: NetName=NetR1_1 Pin=R1-1
Added Pin To Net: NetName=V3.3 Pin=R1-2
Added Pin To Net: NetName=NetR2_1 Pin=R2-1
Added Pin To Net: NetName=V3.3 Pin=R2-2
Added Pin To Net: NetName=GND Pin=R3-1
Added Pin To Net: NetName=NetR1_1 Pin=R3-2
Added Pin To Net: NetName=GND Pin=R4-1
Added Pin To Net: NetName=NetR4_2 Pin=R4-2
Added Pin To Net: NetName=NetR5_1 Pin=R5-1
Added Pin To Net: NetName=NetDS1_1 Pin=R5-2
Added Pin To Net: NetName=NetR6_1 Pin=R6-1
Added Pin To Net: NetName=V3.3 Pin=R6-2
Added Pin To Net: NetName=NetC26_2 Pin=SW1-1
Added Pin To Net: NetName=GND Pin=SW1-2
Added Pin To Net: NetName=NetC26_1 Pin=SW1-3
Added Pin To Net: NetName=NetSW1_4 Pin=SW1-4
Added Pin To Net: NetName=12V Pin=U1-1
Added Pin To Net: NetName=NetD1_2 Pin=U1-2
Added Pin To Net: NetName=GND Pin=U1-3
Added Pin To Net: NetName=5V Pin=U1-4
Added Pin To Net: NetName=GND Pin=U1-5
Added Pin To Net: NetName=NetC11_2 Pin=U2-1
Added Pin To Net: NetName=GND Pin=U2-2
Added Pin To Net: NetName=NetR1_1 Pin=U2-3
Added Pin To Net: NetName=V3.3 Pin=U2-4
Added Pin To Net: NetName=NetL2_1 Pin=U2-6
Added Pin To Net: NetName=NetL2_2 Pin=U2-8
Added Pin To Net: NetName=5V Pin=U2-10
Added Pin To Net: NetName=5V Pin=U2-11
Added Pin To Net: NetName=NetC11_2 Pin=U2-12
Added Pin To Net: NetName=NetC11_2 Pin=U2-13
Added Pin To Net: NetName=NetR2_1 Pin=U2-14
Added Pin To Net: NetName=V3.3 Pin=U3-1
Added Pin To Net: NetName=NetC22_2 Pin=U3-3
Added Pin To Net: NetName=NetC23_2 Pin=U3-4
Added Pin To Net: NetName=NetC24_2 Pin=U3-5
Added Pin To Net: NetName=NetSW1_4 Pin=U3-7
Added Pin To Net: NetName=GND Pin=U3-12
Added Pin To Net: NetName=VDDA Pin=U3-13
Added Pin To Net: NetName=GND Pin=U3-18
Added Pin To Net: NetName=V3.3 Pin=U3-19
Added Pin To Net: NetName=NetU3_23 Pin=U3-23
Added Pin To Net: NetName=NetU3_27 Pin=U3-27
Added Pin To Net: NetName=NetU3_29 Pin=U3-29
Added Pin To Net: NetName=NetU3_30 Pin=U3-30
Added Pin To Net: NetName=GND Pin=U3-31
Added Pin To Net: NetName=V3.3 Pin=U3-32
Added Pin To Net: NetName=NetU3_34 Pin=U3-34
Added Pin To Net: NetName=NetU3_35 Pin=U3-35
Added Pin To Net: NetName=NetR6_1 Pin=U3-42
Added Pin To Net: NetName=NetU3_43 Pin=U3-43
Added Pin To Net: NetName=NetU3_44 Pin=U3-44
Added Pin To Net: NetName=NetU3_45 Pin=U3-45
Added Pin To Net: NetName=GND Pin=U3-47
Added Pin To Net: NetName=V3.3 Pin=U3-48
Added Pin To Net: NetName=NetU3_50 Pin=U3-50
Added Pin To Net: NetName=PB6 Pin=U3-58
Added Pin To Net: NetName=PB7 Pin=U3-59
Added Pin To Net: NetName=GND Pin=U3-63
Added Pin To Net: NetName=V3.3 Pin=U3-64
Added Pin To Net: NetName=PB7 Pin=U4-1
Added Pin To Net: NetName=GND Pin=U4-2
Added Pin To Net: NetName=5V Pin=U4-3
Added Pin To Net: NetName=PB6 Pin=U4-4
Added Pin To Net: NetName=CANL Pin=U4-6
Added Pin To Net: NetName=CANH Pin=U4-7
Added Pin To Net: NetName=NetR4_2 Pin=U4-8
Added Pin To Net: NetName=GND Pin=U5-1
Added Pin To Net: NetName=V3.3 Pin=U5-2
Added Pin To Net: NetName=NetU3_43 Pin=U5-3
Added Pin To Net: NetName=NetR6_1 Pin=U5-4
Added Pin To Net: NetName=NetU3_27 Pin=U5-7
Added Pin To Net: NetName=NetU3_34 Pin=U5-10
Added Pin To Net: NetName=GND Pin=U5-11
Added Pin To Net: NetName=GND Pin=U5-13
Added Pin To Net: NetName=GND Pin=U5-22
Added Pin To Net: NetName=NetR5_1 Pin=U5-28
Added Pin To Net: NetName=NetU3_35 Pin=U5-29
Added Pin To Net: NetName=GND Pin=U5-35
Added Pin To Net: NetName=V3.3 Pin=U6-1
Added Pin To Net: NetName=NetU3_30 Pin=U6-2
Added Pin To Net: NetName=NetU3_29 Pin=U6-3
Added Pin To Net: NetName=NetU3_23 Pin=U6-5
Added Pin To Net: NetName=NetU3_44 Pin=U6-6
Added Pin To Net: NetName=NetU3_45 Pin=U6-9
Added Pin To Net: NetName=GND Pin=U6-10
Added Pin To Net: NetName=NetU3_50 Pin=U6-16
Added Pin To Net: NetName=NetC22_2 Pin=X1-1
Added Pin To Net: NetName=NetC23_2 Pin=X1-2
Added Pin To Net: NetName=NetC24_2 Pin=X2-1
Added Pin To Net: NetName=NetC25_2 Pin=X2-2
Added Member To Class: ClassName=RF_Power Member=Component C1 47uF
Added Member To Class: ClassName=RF_Power Member=Component C2 0.1uF
Added Member To Class: ClassName=RF_Power Member=Component C3 100uF
Added Member To Class: ClassName=RF_Power Member=Component C4 680uF
Added Member To Class: ClassName=RF_Power Member=Component C5 47uF
Added Member To Class: ClassName=RF_Power Member=Component C6 10uF
Added Member To Class: ClassName=RF_Power Member=Component C7 10uF
Added Member To Class: ClassName=RF_Power Member=Component C8 22uF
Added Member To Class: ClassName=RF_Power Member=Component C9 22uF
Added Member To Class: ClassName=RF_Power Member=Component C10 22uF
Added Member To Class: ClassName=RF_Power Member=Component C11 C0805C104K5RACTU
Added Member To Class: ClassName=RF_STM Member=Component C14 0.1uF
Added Member To Class: ClassName=RF_STM Member=Component C15 1uF
Added Member To Class: ClassName=RF_STM Member=Component C16 0.1uF
Added Member To Class: ClassName=RF_STM Member=Component C17 0.1uF
Added Member To Class: ClassName=RF_STM Member=Component C18 0.1uF
Added Member To Class: ClassName=RF_STM Member=Component C19 0.1uF
Added Member To Class: ClassName=RF_STM Member=Component C20 0.1uF
Added Member To Class: ClassName=RF_STM Member=Component C21 10uF
Added Member To Class: ClassName=RF_STM Member=Component C22 6nF
Added Member To Class: ClassName=RF_STM Member=Component C23 6nF
Added Member To Class: ClassName=RF_STM Member=Component C24 20pF
Added Member To Class: ClassName=RF_STM Member=Component C25 20pF
Added Member To Class: ClassName=RF_STM Member=Component C26 0.1uF
Added Member To Class: ClassName=RF_Xbee Member=Component C27 1uF
Added Member To Class: ClassName=RF_Xbee Member=Component C28 100pF
Added Member To Class: ClassName=RF_Power Member=Component D1 SMAJ36A
Added Member To Class: ClassName=RF_Xbee Member=Component DS1 HSMH-C150
Added Member To Class: ClassName=RF_Power Member=Component L1 7447709101
Added Member To Class: ClassName=RF_Power Member=Component L2 7443340150
Added Member To Class: ClassName=RF_STM Member=Component L3 7427921
Added Member To Class: ClassName=RF_STM Member=Component P1 171-009-113R911
Added Member To Class: ClassName=RF_Power Member=Component P2 66200211122
Added Member To Class: ClassName=RF_STM Member=Component P3 TX, RX pins
Added Member To Class: ClassName=RF_STM Member=Component P4 64900311122
Added Member To Class: ClassName=RF_Power Member=Component R1 1M
Added Member To Class: ClassName=RF_Power Member=Component R2 1M
Added Member To Class: ClassName=RF_Power Member=Component R3 180K
Added Member To Class: ClassName=RF_STM Member=Component R4 1K
Added Member To Class: ClassName=RF_Xbee Member=Component R5 1K
Added Member To Class: ClassName=RF_Xbee Member=Component R6 1K
Added Member To Class: ClassName=RF_STM Member=Component SW1 PTS645SM43SMTR92LFS
Added Member To Class: ClassName=RF_Power Member=Component U1 LM2576SX-5.0
Added Member To Class: ClassName=RF_Power Member=Component U2 TPS63020DSJT
Added Member To Class: ClassName=RF_STM Member=Component U3 STM32F107RCT6
Added Member To Class: ClassName=RF_STM Member=Component U4 MCP2551-I/SN
Added Member To Class: ClassName=RF_Xbee Member=Component U5 XB24CZ7RIS-004
Added Member To Class: ClassName=RF_Xbee Member=Component U6 XBP24CAUIT-001
Added Member To Class: ClassName=RF_STM Member=Component X1 32.768KHz
Added Member To Class: ClassName=RF_STM Member=Component X2 8MHz
