Replace Part C2.1 CL21B105KAFNNNE in C:\Users\rleeu\Documents\Year3_local\Brightside_Telemetry_rev2\Brightside_telemetry_rev2\Brightside_Telemetry_RC_rev2.SchDoc with CL21B105KAFNNNE from Capacitors.SchLib
Replace Part C2.2 CBR06C839BAGAC in C:\Users\rleeu\Documents\Year3_local\Brightside_Telemetry_rev2\Brightside_telemetry_rev2\Brightside_Telemetry_RC_rev2.SchDoc with CBR06C839BAGAC from schem_lib.SchLib
Replace Part C2.3 C0805C106K8PACTU in C:\Users\rleeu\Documents\Year3_local\Brightside_Telemetry_rev2\Brightside_telemetry_rev2\Brightside_Telemetry_RC_rev2.SchDoc with C0805C106K8PACTU from Capacitors.SchLib
Replace Part C2.4 CL21B104MBCNNNC in C:\Users\rleeu\Documents\Year3_local\Brightside_Telemetry_rev2\Brightside_telemetry_rev2\Brightside_Telemetry_RC_rev2.SchDoc with CL21B104MBCNNNC from Capacitors.SchLib
Replace Part C2.5 C0603C470J1GACTU in C:\Users\rleeu\Documents\Year3_local\Brightside_Telemetry_rev2\Brightside_telemetry_rev2\Brightside_Telemetry_RC_rev2.SchDoc with C0603C470J1GACTU from schem_lib.SchLib
Replace Part C2.6 GRM21BR60G107ME15L in C:\Users\rleeu\Documents\Year3_local\Brightside_Telemetry_rev2\Brightside_telemetry_rev2\Brightside_Telemetry_RC_rev2.SchDoc with GRM21BR60G107ME15L from schem_lib.SchLib
Replace Part C2.7 GRM21BR60G107ME15L in C:\Users\rleeu\Documents\Year3_local\Brightside_Telemetry_rev2\Brightside_telemetry_rev2\Brightside_Telemetry_RC_rev2.SchDoc with GRM21BR60G107ME15L from schem_lib.SchLib
Replace Part C2.8 CL21B104MBCNNNC in C:\Users\rleeu\Documents\Year3_local\Brightside_Telemetry_rev2\Brightside_telemetry_rev2\Brightside_Telemetry_RC_rev2.SchDoc with CL21B104MBCNNNC from Capacitors.SchLib
Replace Part C2.9 C0805C106K8PACTU in C:\Users\rleeu\Documents\Year3_local\Brightside_Telemetry_rev2\Brightside_telemetry_rev2\Brightside_Telemetry_RC_rev2.SchDoc with C0805C106K8PACTU from Capacitors.SchLib
Replace Part C2.10 C0603C470J1GACTU in C:\Users\rleeu\Documents\Year3_local\Brightside_Telemetry_rev2\Brightside_telemetry_rev2\Brightside_Telemetry_RC_rev2.SchDoc with C0603C470J1GACTU from schem_lib.SchLib
Replace Part C2.11 CBR06C839BAGAC in C:\Users\rleeu\Documents\Year3_local\Brightside_Telemetry_rev2\Brightside_telemetry_rev2\Brightside_Telemetry_RC_rev2.SchDoc with CBR06C839BAGAC from schem_lib.SchLib
Replace Part C2.12 C0805C103K1RAC7210 in C:\Users\rleeu\Documents\Year3_local\Brightside_Telemetry_rev2\Brightside_telemetry_rev2\Brightside_Telemetry_RC_rev2.SchDoc with C0805C103K1RAC7210 from Capacitors.SchLib
Replace Part C2.13 C0805C103K1RAC7210 in C:\Users\rleeu\Documents\Year3_local\Brightside_Telemetry_rev2\Brightside_telemetry_rev2\Brightside_Telemetry_RC_rev2.SchDoc with C0805C103K1RAC7210 from Capacitors.SchLib
Replace Part D2.1 SML-LXT0805SRW-TR in C:\Users\rleeu\Documents\Year3_local\Brightside_Telemetry_rev2\Brightside_telemetry_rev2\Brightside_Telemetry_RC_rev2.SchDoc with SML-LXT0805SRW-TR from Indication & Control.SchLib
Replace Part D2.2 SML-LXT0805SRW-TR in C:\Users\rleeu\Documents\Year3_local\Brightside_Telemetry_rev2\Brightside_telemetry_rev2\Brightside_Telemetry_RC_rev2.SchDoc with SML-LXT0805SRW-TR from Indication & Control.SchLib
Replace Part D2.3 SML-LXT0805SRW-TR in C:\Users\rleeu\Documents\Year3_local\Brightside_Telemetry_rev2\Brightside_telemetry_rev2\Brightside_Telemetry_RC_rev2.SchDoc with SML-LXT0805SRW-TR from Indication & Control.SchLib
Replace Part D2.4 SML-LXT0805SRW-TR in C:\Users\rleeu\Documents\Year3_local\Brightside_Telemetry_rev2\Brightside_telemetry_rev2\Brightside_Telemetry_RC_rev2.SchDoc with SML-LXT0805SRW-TR from Indication & Control.SchLib
Replace Part Q2.1 MMBT3904LT1G in C:\Users\rleeu\Documents\Year3_local\Brightside_Telemetry_rev2\Brightside_telemetry_rev2\Brightside_Telemetry_RC_rev2.SchDoc with MMBT3904LT1G from schem_lib.SchLib
Replace Part Q2.2 MMBT3904LT1G in C:\Users\rleeu\Documents\Year3_local\Brightside_Telemetry_rev2\Brightside_telemetry_rev2\Brightside_Telemetry_RC_rev2.SchDoc with MMBT3904LT1G from schem_lib.SchLib
Replace Part R2.1 ERJ6ENF1001V in C:\Users\rleeu\Documents\Year3_local\Brightside_Telemetry_rev2\Brightside_telemetry_rev2\Brightside_Telemetry_RC_rev2.SchDoc with ERJ6ENF1001V from Resistors.SchLib
Replace Part R2.2 RMCF0805ZT0R00 in C:\Users\rleeu\Documents\Year3_local\Brightside_Telemetry_rev2\Brightside_telemetry_rev2\Brightside_Telemetry_RC_rev2.SchDoc with RMCF0805ZT0R00 from Resistors.SchLib
Replace Part R2.3 ERJ6ENF4640V in C:\Users\rleeu\Documents\Year3_local\Brightside_Telemetry_rev2\Brightside_telemetry_rev2\Brightside_Telemetry_RC_rev2.SchDoc with ERJ6ENF4640V from Resistors.SchLib
Replace Part R2.4 ERJ6ENF1002V in C:\Users\rleeu\Documents\Year3_local\Brightside_Telemetry_rev2\Brightside_telemetry_rev2\Brightside_Telemetry_RC_rev2.SchDoc with ERJ6ENF1002V from Resistors.SchLib
Replace Part R2.5 ERJ6ENF1002V in C:\Users\rleeu\Documents\Year3_local\Brightside_Telemetry_rev2\Brightside_telemetry_rev2\Brightside_Telemetry_RC_rev2.SchDoc with ERJ6ENF1002V from Resistors.SchLib
Replace Part R2.6 ERJ6ENF1001V in C:\Users\rleeu\Documents\Year3_local\Brightside_Telemetry_rev2\Brightside_telemetry_rev2\Brightside_Telemetry_RC_rev2.SchDoc with ERJ6ENF1001V from Resistors.SchLib
Replace Part R2.7 ERJ6ENF4640V in C:\Users\rleeu\Documents\Year3_local\Brightside_Telemetry_rev2\Brightside_telemetry_rev2\Brightside_Telemetry_RC_rev2.SchDoc with ERJ6ENF4640V from Resistors.SchLib
Replace Part R2.8 ERJ6ENF1002V in C:\Users\rleeu\Documents\Year3_local\Brightside_Telemetry_rev2\Brightside_telemetry_rev2\Brightside_Telemetry_RC_rev2.SchDoc with ERJ6ENF1002V from Resistors.SchLib
Replace Part R2.9 ERJ6ENF1002V in C:\Users\rleeu\Documents\Year3_local\Brightside_Telemetry_rev2\Brightside_telemetry_rev2\Brightside_Telemetry_RC_rev2.SchDoc with ERJ6ENF1002V from Resistors.SchLib
Replace Part R2.10 ERJ6ENF1001V in C:\Users\rleeu\Documents\Year3_local\Brightside_Telemetry_rev2\Brightside_telemetry_rev2\Brightside_Telemetry_RC_rev2.SchDoc with ERJ6ENF1001V from Resistors.SchLib
Replace Part U2.2 XBP24CAUIT-001 in C:\Users\rleeu\Documents\Year3_local\Brightside_Telemetry_rev2\Brightside_telemetry_rev2\Brightside_Telemetry_RC_rev2.SchDoc with XBP24CAUIT-001 from schem_lib.SchLib
