Replace Part C1.1 CC0603DRNPO9BN6R0 in C:\Users\rleeu\Documents\Year3_local\Brightside_Telemetry_rev2\Brightside_telemetry_rev2\Brightside_Telemetry_stm_rev2.SchDoc with CC0603DRNPO9BN6R0 from Capacitors.SchLib
Replace Part C1.2 CC0603DRNPO9BN6R0 in C:\Users\rleeu\Documents\Year3_local\Brightside_Telemetry_rev2\Brightside_telemetry_rev2\Brightside_Telemetry_stm_rev2.SchDoc with CC0603DRNPO9BN6R0 from Capacitors.SchLib
Replace Part C1.3 CL21B104KBCWPNC in C:\Users\rleeu\Documents\Year3_local\Brightside_Telemetry_rev2\Brightside_telemetry_rev2\Brightside_Telemetry_stm_rev2.SchDoc with CL21B104KBCWPNC from Capacitors.SchLib
Replace Part C1.4 CC0603CRNPO9BN4R0 in C:\Users\rleeu\Documents\Year3_local\Brightside_Telemetry_rev2\Brightside_telemetry_rev2\Brightside_Telemetry_stm_rev2.SchDoc with CC0603CRNPO9BN4R0 from Capacitors.SchLib
Replace Part C1.5 CC0603CRNPO9BN4R0 in C:\Users\rleeu\Documents\Year3_local\Brightside_Telemetry_rev2\Brightside_telemetry_rev2\Brightside_Telemetry_stm_rev2.SchDoc with CC0603CRNPO9BN4R0 from Capacitors.SchLib
Replace Part C1.6 885012208036 in C:\Users\rleeu\Documents\Year3_local\Brightside_Telemetry_rev2\Brightside_telemetry_rev2\Brightside_Telemetry_stm_rev2.SchDoc with 885012208036 from Capacitors.SchLib
Replace Part C1.7 CL21B104KBCWPNC in C:\Users\rleeu\Documents\Year3_local\Brightside_Telemetry_rev2\Brightside_telemetry_rev2\Brightside_Telemetry_stm_rev2.SchDoc with CL21B104KBCWPNC from Capacitors.SchLib
Replace Part C1.8 CL21B104KBCWPNC in C:\Users\rleeu\Documents\Year3_local\Brightside_Telemetry_rev2\Brightside_telemetry_rev2\Brightside_Telemetry_stm_rev2.SchDoc with CL21B104KBCWPNC from Capacitors.SchLib
Replace Part C1.9 CL21B104KBCWPNC in C:\Users\rleeu\Documents\Year3_local\Brightside_Telemetry_rev2\Brightside_telemetry_rev2\Brightside_Telemetry_stm_rev2.SchDoc with CL21B104KBCWPNC from Capacitors.SchLib
Replace Part C1.10 CL21B104KBCWPNC in C:\Users\rleeu\Documents\Year3_local\Brightside_Telemetry_rev2\Brightside_telemetry_rev2\Brightside_Telemetry_stm_rev2.SchDoc with CL21B104KBCWPNC from Capacitors.SchLib
Replace Part C1.11 CL21B104KBCWPNC in C:\Users\rleeu\Documents\Year3_local\Brightside_Telemetry_rev2\Brightside_telemetry_rev2\Brightside_Telemetry_stm_rev2.SchDoc with CL21B104KBCWPNC from Capacitors.SchLib
Replace Part C1.12 CL21B104KBCWPNC in C:\Users\rleeu\Documents\Year3_local\Brightside_Telemetry_rev2\Brightside_telemetry_rev2\Brightside_Telemetry_stm_rev2.SchDoc with CL21B104KBCWPNC from Capacitors.SchLib
Replace Part J1.1 5747840-6 in C:\Users\rleeu\Documents\Year3_local\Brightside_Telemetry_rev2\Brightside_telemetry_rev2\Brightside_Telemetry_stm_rev2.SchDoc with 5747840-6 from Connectors.SchLib
Replace Part J1.2 0.1" Header 3pos in C:\Users\rleeu\Documents\Year3_local\Brightside_Telemetry_rev2\Brightside_telemetry_rev2\Brightside_Telemetry_stm_rev2.SchDoc with 0.1" Header 3pos from Connectors.SchLib
Replace Part J1.3 0.1" Header 3pos in C:\Users\rleeu\Documents\Year3_local\Brightside_Telemetry_rev2\Brightside_telemetry_rev2\Brightside_Telemetry_stm_rev2.SchDoc with 0.1" Header 3pos from Connectors.SchLib
Replace Part J1.4 10132449-0821GLF in C:\Users\rleeu\Documents\Year3_local\Brightside_Telemetry_rev2\Brightside_telemetry_rev2\Brightside_Telemetry_stm_rev2.SchDoc with 10132449-0821GLF from Connectors.SchLib
Replace Part J1.5 0.1" Header 4pos in C:\Users\rleeu\Documents\Year3_local\Brightside_Telemetry_rev2\Brightside_telemetry_rev2\Brightside_Telemetry_stm_rev2.SchDoc with 0.1" Header 4pos from Connectors.SchLib
Replace Part PB1 P12961SCT-ND in C:\Users\rleeu\Documents\Year3_local\Brightside_Telemetry_rev2\Brightside_telemetry_rev2\Brightside_Telemetry_stm_rev2.SchDoc with P12961SCT-ND from Indication & Control.SchLib
Replace Part R1.1 RNCP1206FTD1K00 in C:\Users\rleeu\Documents\Year3_local\Brightside_Telemetry_rev2\Brightside_telemetry_rev2\Brightside_Telemetry_stm_rev2.SchDoc with RNCP1206FTD1K00 from Resistors.SchLib
Replace Part R1.2 ERJ6ENF1002V in C:\Users\rleeu\Documents\Year3_local\Brightside_Telemetry_rev2\Brightside_telemetry_rev2\Brightside_Telemetry_stm_rev2.SchDoc with ERJ6ENF1002V from Resistors.SchLib
Replace Part R1.3 RMCF0805ZT0R00 in C:\Users\rleeu\Documents\Year3_local\Brightside_Telemetry_rev2\Brightside_telemetry_rev2\Brightside_Telemetry_stm_rev2.SchDoc with RMCF0805ZT0R00 from Resistors.SchLib
Replace Part R1.4 ERJ6ENF1002V in C:\Users\rleeu\Documents\Year3_local\Brightside_Telemetry_rev2\Brightside_telemetry_rev2\Brightside_Telemetry_stm_rev2.SchDoc with ERJ6ENF1002V from Resistors.SchLib
Replace Part R1.5 ERJ6ENF1002V in C:\Users\rleeu\Documents\Year3_local\Brightside_Telemetry_rev2\Brightside_telemetry_rev2\Brightside_Telemetry_stm_rev2.SchDoc with ERJ6ENF1002V from Resistors.SchLib
Replace Part R1.6 ERJ6ENF1002V in C:\Users\rleeu\Documents\Year3_local\Brightside_Telemetry_rev2\Brightside_telemetry_rev2\Brightside_Telemetry_stm_rev2.SchDoc with ERJ6ENF1002V from Resistors.SchLib
Replace Part R1.7 ERJ6ENF1002V in C:\Users\rleeu\Documents\Year3_local\Brightside_Telemetry_rev2\Brightside_telemetry_rev2\Brightside_Telemetry_stm_rev2.SchDoc with ERJ6ENF1002V from Resistors.SchLib
Replace Part U1.1 STM32F103RCT6_SingleBlock in C:\Users\rleeu\Documents\Year3_local\Brightside_Telemetry_rev2\Brightside_telemetry_rev2\Brightside_Telemetry_stm_rev2.SchDoc with STM32F103RCT6_SingleBlock from ICs.SchLib
Replace Part U1.2 MCP2551-I/SN in C:\Users\rleeu\Documents\Year3_local\Brightside_Telemetry_rev2\Brightside_telemetry_rev2\Brightside_Telemetry_stm_rev2.SchDoc with MCP2551-I/SN from ICs.SchLib
Replace Part Y1.1 NX8045GB-8.000000MHZ in C:\Users\rleeu\Documents\Year3_local\Brightside_Telemetry_rev2\Brightside_telemetry_rev2\Brightside_Telemetry_stm_rev2.SchDoc with NX8045GB-8.000000MHZ from Crystals.SchLib
Replace Part Y1.2 FC-13532.7680KA-AG0 in C:\Users\rleeu\Documents\Year3_local\Brightside_Telemetry_rev2\Brightside_telemetry_rev2\Brightside_Telemetry_stm_rev2.SchDoc with FC-13532.7680KA-AG0 from Crystals.SchLib
