Removed Pin From Net: NetName=DTR_FL- Pin=D2.1-1
Removed Pin From Net: NetName=DTR_FL- Pin=D2.2-1
Removed Pin From Net: NetName=DTR_FL- Pin=D2.3-1
Removed Pin From Net: NetName=12V Pin=D2.3-2
Removed Pin From Net: NetName=DTR_FL- Pin=D2.4-1
Removed Pin From Net: NetName=12V Pin=D2.4-2
Removed Pin From Net: NetName=12V Pin=D2.5-2
Removed Pin From Net: NetName=12V Pin=D2.6-2
Removed Pin From Net: NetName=12V Pin=J3.1-1
Removed Pin From Net: NetName=DTR_FL- Pin=J3.1-2
Removed Pin From Net: NetName=LTS_F- Pin=J3.1-3
Change Component Footprint: Designator=J3.1 Old Footprint=43045-0400 New Footprint=B04B-XASK-1-A
Change Component Comment : Designator=J3.1 Old Comment=43045-0400 New Comment=B04B-XASK-1-A(LF)(SN)
Change component parameters: Designator = "J3.1"; Footprint = "B04B-XASK-1-A"; UniqueID = "\IZOTWGKL"
Change component parameters. Clean all parameters for all variants
Change component parameters (AddParameter): Name = "ComponentLink1Description"; Value = "https://datasheet.ciiva.com/16500/jstb04b-xask-1-a-lf-sn-16500956.pdf?src-supplier=Future+Electronics"; VariantName = "[No Variations]"
Change component parameters (AddParameter): Name = "ComponentLink1URL"; Value = "https://datasheet.ciiva.com/16500/jstb04b-xask-1-a-lf-sn-16500956.pdf?src-supplier=Future+Electronics"; VariantName = "[No Variations]"
Change component parameters (AddParameter): Name = "Lead Free"; Value = "Lead Free"; VariantName = "[No Variations]"
Change component parameters (AddParameter): Name = "Manufacturer 1"; Value = "JST"; VariantName = "[No Variations]"
Change component parameters (AddParameter): Name = "Manufacturer Part Number 1"; Value = "B04B-XASK-1-A(LF)(SN)"; VariantName = "[No Variations]"
Change component parameters (AddParameter): Name = "Mount"; Value = "Through Hole"; VariantName = "[No Variations]"
Change component parameters (AddParameter): Name = "Number of Positions"; Value = "4"; VariantName = "[No Variations]"
Change component parameters (AddParameter): Name = "Pitch"; Value = "2.5mm"; VariantName = "[No Variations]"
Change component parameters (AddParameter): Name = "Pricing 1"; Value = "1=0.25960, 10=0.25030, 100=0.16200, 500=0.13850, 1000=0.10710, 5000=0.10160, 10000=0.10130 (USD)"; VariantName = "[No Variations]"
Change component parameters (AddParameter): Name = "RoHS"; Value = "Yes"; VariantName = "[No Variations]"
Change component parameters (AddParameter): Name = "Stock 1"; Value = "380"; VariantName = "[No Variations]"
Change component parameters (AddParameter): Name = "Supplier 1"; Value = "Arrow"; VariantName = "[No Variations]"
Change component parameters (AddParameter): Name = "Supplier Part Number 1"; Value = "B04B-XASK-1-A(LF)(SN)"; VariantName = "[No Variations]"
Change component parameters (AddParameter): Name = "Termination"; Value = "Crimp"; VariantName = "[No Variations]"
Added Pin To Net: NetName=LTS_F- Pin=J3.1-1
Added Pin To Net: NetName=12V Pin=J3.1-2
Added Pin To Net: NetName=DTR_FL- Pin=J3.1-3
Added Pin To Net: NetName=NetD2.1_1 Pin=D2.1-1
Added Pin To Net: NetName=NetD2.1_1 Pin=D2.3-2
Added Net: Name=NetD2.1_1
Added Pin To Net: NetName=NetD2.2_1 Pin=D2.2-1
Added Pin To Net: NetName=NetD2.2_1 Pin=D2.4-2
Added Net: Name=NetD2.2_1
Added Pin To Net: NetName=NetD2.3_1 Pin=D2.3-1
Added Pin To Net: NetName=NetD2.3_1 Pin=D2.5-2
Added Net: Name=NetD2.3_1
Added Pin To Net: NetName=NetD2.4_1 Pin=D2.4-1
Added Pin To Net: NetName=NetD2.4_1 Pin=D2.6-2
Added Net: Name=NetD2.4_1
